Permission denied (publickey).
fatal: Could not read from remote repository.

Please make sure you have the correct access rights
and the repository exists.
gulp.env has been deprecated. Use your own CLI parser instead. We recommend using yargs or minimist.
events.js:141
      throw er; // Unhandled 'error' event
      ^

Error: ENOENT: no such file or directory, lstat '/home/rafo/work/git/binary-option/frontend/public/pc/js/libs/stackblur.min.js'
    at Error (native)

npm ERR! Linux 4.4.0-45-generic
npm ERR! argv "/usr/local/bin/node" "/usr/local/bin/npm" "run" "pc_release"
npm ERR! node v4.6.0
npm ERR! npm  v2.15.9
npm ERR! code ELIFECYCLE
npm ERR! ultrabanc@1.0.1 pc_release: `gulp release`
npm ERR! Exit status 1
npm ERR! 
npm ERR! Failed at the ultrabanc@1.0.1 pc_release script 'gulp release'.
npm ERR! This is most likely a problem with the ultrabanc package,
npm ERR! not with npm itself.
npm ERR! Tell the author that this fails on your system:
npm ERR!     gulp release
npm ERR! You can get information on how to open an issue for this project with:
npm ERR!     npm bugs ultrabanc
npm ERR! Or if that isn't available, you can get their info via:
npm ERR! 
npm ERR!     npm owner ls ultrabanc
npm ERR! There is likely additional logging output above.

npm ERR! Please include the following file with any support request:
npm ERR!     /home/rafo/work/git/binary-option/frontend/npm-debug.log
Permission denied (publickey).
fatal: Could not read from remote repository.

Please make sure you have the correct access rights
and the repository exists.
gulp.env has been deprecated. Use your own CLI parser instead. We recommend using yargs or minimist.
Permission denied (publickey).
fatal: Could not read from remote repository.

Please make sure you have the correct access rights
and the repository exists.
gulp.env has been deprecated. Use your own CLI parser instead. We recommend using yargs or minimist.
events.js:141
      throw er; // Unhandled 'error' event
      ^

Error: ENOENT: no such file or directory, lstat '/home/rafo/work/git/binary-option/frontend/public/pc/js/i18n/lang_src_en.js'
    at Error (native)

npm ERR! Linux 4.4.0-45-generic
npm ERR! argv "/usr/local/bin/node" "/usr/local/bin/npm" "run" "pc_release"
npm ERR! node v4.6.0
npm ERR! npm  v2.15.9
npm ERR! code ELIFECYCLE
npm ERR! ultrabanc@1.0.1 pc_release: `gulp release`
npm ERR! Exit status 1
npm ERR! 
npm ERR! Failed at the ultrabanc@1.0.1 pc_release script 'gulp release'.
npm ERR! This is most likely a problem with the ultrabanc package,
npm ERR! not with npm itself.
npm ERR! Tell the author that this fails on your system:
npm ERR!     gulp release
npm ERR! You can get information on how to open an issue for this project with:
npm ERR!     npm bugs ultrabanc
npm ERR! Or if that isn't available, you can get their info via:
npm ERR! 
npm ERR!     npm owner ls ultrabanc
npm ERR! There is likely additional logging output above.

npm ERR! Please include the following file with any support request:
npm ERR!     /home/rafo/work/git/binary-option/frontend/npm-debug.log
Permission denied (publickey).
fatal: Could not read from remote repository.

Please make sure you have the correct access rights
and the repository exists.
gulp.env has been deprecated. Use your own CLI parser instead. We recommend using yargs or minimist.
events.js:141
      throw er; // Unhandled 'error' event
      ^

Error: ENOENT: no such file or directory, lstat '/home/rafo/work/git/binary-option/frontend/public/pc/js/libs/stackblur.min.js'
    at Error (native)

npm ERR! Linux 4.4.0-45-generic
npm ERR! argv "/usr/local/bin/node" "/usr/local/bin/npm" "run" "pc_release"
npm ERR! node v4.6.0
npm ERR! npm  v2.15.9
npm ERR! code ELIFECYCLE
npm ERR! ultrabanc@1.0.1 pc_release: `gulp release`
npm ERR! Exit status 1
npm ERR! 
npm ERR! Failed at the ultrabanc@1.0.1 pc_release script 'gulp release'.
npm ERR! This is most likely a problem with the ultrabanc package,
npm ERR! not with npm itself.
npm ERR! Tell the author that this fails on your system:
npm ERR!     gulp release
npm ERR! You can get information on how to open an issue for this project with:
npm ERR!     npm bugs ultrabanc
npm ERR! Or if that isn't available, you can get their info via:
npm ERR! 
npm ERR!     npm owner ls ultrabanc
npm ERR! There is likely additional logging output above.

npm ERR! Please include the following file with any support request:
npm ERR!     /home/rafo/work/git/binary-option/frontend/npm-debug.log
Permission denied (publickey).
fatal: Could not read from remote repository.

Please make sure you have the correct access rights
and the repository exists.
gulp.env has been deprecated. Use your own CLI parser instead. We recommend using yargs or minimist.
Permission denied (publickey).
fatal: Could not read from remote repository.

Please make sure you have the correct access rights
and the repository exists.
gulp.env has been deprecated. Use your own CLI parser instead. We recommend using yargs or minimist.
events.js:141
      throw er; // Unhandled 'error' event
      ^

Error: ENOENT: no such file or directory, lstat '/home/rafo/work/git/binary-option/frontend/public/pc/js/i18n/lang_legal_src_pt.js'
    at Error (native)

npm ERR! Linux 4.4.0-45-generic
npm ERR! argv "/usr/local/bin/node" "/usr/local/bin/npm" "run" "pc_release"
npm ERR! node v4.6.0
npm ERR! npm  v2.15.9
npm ERR! code ELIFECYCLE
npm ERR! ultrabanc@1.0.1 pc_release: `gulp release`
npm ERR! Exit status 1
npm ERR! 
npm ERR! Failed at the ultrabanc@1.0.1 pc_release script 'gulp release'.
npm ERR! This is most likely a problem with the ultrabanc package,
npm ERR! not with npm itself.
npm ERR! Tell the author that this fails on your system:
npm ERR!     gulp release
npm ERR! You can get information on how to open an issue for this project with:
npm ERR!     npm bugs ultrabanc
npm ERR! Or if that isn't available, you can get their info via:
npm ERR! 
npm ERR!     npm owner ls ultrabanc
npm ERR! There is likely additional logging output above.

npm ERR! Please include the following file with any support request:
npm ERR!     /home/rafo/work/git/binary-option/frontend/npm-debug.log
Permission denied (publickey).
fatal: Could not read from remote repository.

Please make sure you have the correct access rights
and the repository exists.
gulp.env has been deprecated. Use your own CLI parser instead. We recommend using yargs or minimist.
events.js:141
      throw er; // Unhandled 'error' event
      ^

Error: ENOENT: no such file or directory, lstat '/home/rafo/work/git/binary-option/frontend/public/pc/js/libs/stackblur.min.js'
    at Error (native)

npm ERR! Linux 4.4.0-45-generic
npm ERR! argv "/usr/local/bin/node" "/usr/local/bin/npm" "run" "pc_release"
npm ERR! node v4.6.0
npm ERR! npm  v2.15.9
npm ERR! code ELIFECYCLE
npm ERR! ultrabanc@1.0.1 pc_release: `gulp release`
npm ERR! Exit status 1
npm ERR! 
npm ERR! Failed at the ultrabanc@1.0.1 pc_release script 'gulp release'.
npm ERR! This is most likely a problem with the ultrabanc package,
npm ERR! not with npm itself.
npm ERR! Tell the author that this fails on your system:
npm ERR!     gulp release
npm ERR! You can get information on how to open an issue for this project with:
npm ERR!     npm bugs ultrabanc
npm ERR! Or if that isn't available, you can get their info via:
npm ERR! 
npm ERR!     npm owner ls ultrabanc
npm ERR! There is likely additional logging output above.

npm ERR! Please include the following file with any support request:
npm ERR!     /home/rafo/work/git/binary-option/frontend/npm-debug.log
Permission denied (publickey).
fatal: Could not read from remote repository.

Please make sure you have the correct access rights
and the repository exists.
gulp.env has been deprecated. Use your own CLI parser instead. We recommend using yargs or minimist.
Permission denied (publickey).
fatal: Could not read from remote repository.

Please make sure you have the correct access rights
and the repository exists.
gulp.env has been deprecated. Use your own CLI parser instead. We recommend using yargs or minimist.
events.js:141
      throw er; // Unhandled 'error' event
      ^

Error: ENOENT: no such file or directory, lstat '/home/rafo/work/git/binary-option/frontend/public/pc/js/i18n/lang_legal_src_pt.js'
    at Error (native)

npm ERR! Linux 4.4.0-45-generic
npm ERR! argv "/usr/local/bin/node" "/usr/local/bin/npm" "run" "pc_release"
npm ERR! node v4.6.0
npm ERR! npm  v2.15.9
npm ERR! code ELIFECYCLE
npm ERR! ultrabanc@1.0.1 pc_release: `gulp release`
npm ERR! Exit status 1
npm ERR! 
npm ERR! Failed at the ultrabanc@1.0.1 pc_release script 'gulp release'.
npm ERR! This is most likely a problem with the ultrabanc package,
npm ERR! not with npm itself.
npm ERR! Tell the author that this fails on your system:
npm ERR!     gulp release
npm ERR! You can get information on how to open an issue for this project with:
npm ERR!     npm bugs ultrabanc
npm ERR! Or if that isn't available, you can get their info via:
npm ERR! 
npm ERR!     npm owner ls ultrabanc
npm ERR! There is likely additional logging output above.

npm ERR! Please include the following file with any support request:
npm ERR!     /home/rafo/work/git/binary-option/frontend/npm-debug.log
Permission denied (publickey).
fatal: Could not read from remote repository.

Please make sure you have the correct access rights
and the repository exists.
gulp.env has been deprecated. Use your own CLI parser instead. We recommend using yargs or minimist.
events.js:141
      throw er; // Unhandled 'error' event
      ^

Error: ENOENT: no such file or directory, lstat '/home/rafo/work/git/binary-option/frontend/public/pc/js/libs/socket.io-1.4.5.js'
    at Error (native)

npm ERR! Linux 4.4.0-45-generic
npm ERR! argv "/usr/local/bin/node" "/usr/local/bin/npm" "run" "pc_release"
npm ERR! node v4.6.0
npm ERR! npm  v2.15.9
npm ERR! code ELIFECYCLE
npm ERR! ultrabanc@1.0.1 pc_release: `gulp release`
npm ERR! Exit status 1
npm ERR! 
npm ERR! Failed at the ultrabanc@1.0.1 pc_release script 'gulp release'.
npm ERR! This is most likely a problem with the ultrabanc package,
npm ERR! not with npm itself.
npm ERR! Tell the author that this fails on your system:
npm ERR!     gulp release
npm ERR! You can get information on how to open an issue for this project with:
npm ERR!     npm bugs ultrabanc
npm ERR! Or if that isn't available, you can get their info via:
npm ERR! 
npm ERR!     npm owner ls ultrabanc
npm ERR! There is likely additional logging output above.

npm ERR! Please include the following file with any support request:
npm ERR!     /home/rafo/work/git/binary-option/frontend/npm-debug.log
Permission denied (publickey).
fatal: Could not read from remote repository.

Please make sure you have the correct access rights
and the repository exists.
gulp.env has been deprecated. Use your own CLI parser instead. We recommend using yargs or minimist.
Permission denied (publickey).
fatal: Could not read from remote repository.

Please make sure you have the correct access rights
and the repository exists.
gulp.env has been deprecated. Use your own CLI parser instead. We recommend using yargs or minimist.
events.js:141
      throw er; // Unhandled 'error' event
      ^

Error: ENOENT: no such file or directory, lstat '/home/rafo/work/git/binary-option/frontend/public/pc/js/i18n/lang_legal_src_zh-tw.js'
    at Error (native)

npm ERR! Linux 4.4.0-45-generic
npm ERR! argv "/usr/local/bin/node" "/usr/local/bin/npm" "run" "pc_release"
npm ERR! node v4.6.0
npm ERR! npm  v2.15.9
npm ERR! code ELIFECYCLE
npm ERR! ultrabanc@1.0.1 pc_release: `gulp release`
npm ERR! Exit status 1
npm ERR! 
npm ERR! Failed at the ultrabanc@1.0.1 pc_release script 'gulp release'.
npm ERR! This is most likely a problem with the ultrabanc package,
npm ERR! not with npm itself.
npm ERR! Tell the author that this fails on your system:
npm ERR!     gulp release
npm ERR! You can get information on how to open an issue for this project with:
npm ERR!     npm bugs ultrabanc
npm ERR! Or if that isn't available, you can get their info via:
npm ERR! 
npm ERR!     npm owner ls ultrabanc
npm ERR! There is likely additional logging output above.

npm ERR! Please include the following file with any support request:
npm ERR!     /home/rafo/work/git/binary-option/frontend/npm-debug.log
Permission denied (publickey).
fatal: Could not read from remote repository.

Please make sure you have the correct access rights
and the repository exists.
gulp.env has been deprecated. Use your own CLI parser instead. We recommend using yargs or minimist.
events.js:141
      throw er; // Unhandled 'error' event
      ^

Error: ENOENT: no such file or directory, lstat '/home/rafo/work/git/binary-option/frontend/public/pc/js/libs/number_turn.min.js'
    at Error (native)

npm ERR! Linux 4.4.0-45-generic
npm ERR! argv "/usr/local/bin/node" "/usr/local/bin/npm" "run" "pc_release"
npm ERR! node v4.6.0
npm ERR! npm  v2.15.9
npm ERR! code ELIFECYCLE
npm ERR! ultrabanc@1.0.1 pc_release: `gulp release`
npm ERR! Exit status 1
npm ERR! 
npm ERR! Failed at the ultrabanc@1.0.1 pc_release script 'gulp release'.
npm ERR! This is most likely a problem with the ultrabanc package,
npm ERR! not with npm itself.
npm ERR! Tell the author that this fails on your system:
npm ERR!     gulp release
npm ERR! You can get information on how to open an issue for this project with:
npm ERR!     npm bugs ultrabanc
npm ERR! Or if that isn't available, you can get their info via:
npm ERR! 
npm ERR!     npm owner ls ultrabanc
npm ERR! There is likely additional logging output above.

npm ERR! Please include the following file with any support request:
npm ERR!     /home/rafo/work/git/binary-option/frontend/npm-debug.log
Permission denied (publickey).
fatal: Could not read from remote repository.

Please make sure you have the correct access rights
and the repository exists.
gulp.env has been deprecated. Use your own CLI parser instead. We recommend using yargs or minimist.
Permission denied (publickey).
fatal: Could not read from remote repository.

Please make sure you have the correct access rights
and the repository exists.
gulp.env has been deprecated. Use your own CLI parser instead. We recommend using yargs or minimist.
events.js:141
      throw er; // Unhandled 'error' event
      ^

Error: ENOENT: no such file or directory, lstat '/home/rafo/work/git/binary-option/frontend/public/pc/js/i18n/lang_legal_src_pt.js'
    at Error (native)

npm ERR! Linux 4.4.0-45-generic
npm ERR! argv "/usr/local/bin/node" "/usr/local/bin/npm" "run" "pc_release"
npm ERR! node v4.6.0
npm ERR! npm  v2.15.9
npm ERR! code ELIFECYCLE
npm ERR! ultrabanc@1.0.1 pc_release: `gulp release`
npm ERR! Exit status 1
npm ERR! 
npm ERR! Failed at the ultrabanc@1.0.1 pc_release script 'gulp release'.
npm ERR! This is most likely a problem with the ultrabanc package,
npm ERR! not with npm itself.
npm ERR! Tell the author that this fails on your system:
npm ERR!     gulp release
npm ERR! You can get information on how to open an issue for this project with:
npm ERR!     npm bugs ultrabanc
npm ERR! Or if that isn't available, you can get their info via:
npm ERR! 
npm ERR!     npm owner ls ultrabanc
npm ERR! There is likely additional logging output above.

npm ERR! Please include the following file with any support request:
npm ERR!     /home/rafo/work/git/binary-option/frontend/npm-debug.log
Permission denied (publickey).
fatal: Could not read from remote repository.

Please make sure you have the correct access rights
and the repository exists.
gulp.env has been deprecated. Use your own CLI parser instead. We recommend using yargs or minimist.
events.js:141
      throw er; // Unhandled 'error' event
      ^

Error: ENOENT: no such file or directory, lstat '/home/rafo/work/git/binary-option/frontend/public/pc/js/libs/socket.io-1.4.5.js'
    at Error (native)

npm ERR! Linux 4.4.0-45-generic
npm ERR! argv "/usr/local/bin/node" "/usr/local/bin/npm" "run" "pc_release"
npm ERR! node v4.6.0
npm ERR! npm  v2.15.9
npm ERR! code ELIFECYCLE
npm ERR! ultrabanc@1.0.1 pc_release: `gulp release`
npm ERR! Exit status 1
npm ERR! 
npm ERR! Failed at the ultrabanc@1.0.1 pc_release script 'gulp release'.
npm ERR! This is most likely a problem with the ultrabanc package,
npm ERR! not with npm itself.
npm ERR! Tell the author that this fails on your system:
npm ERR!     gulp release
npm ERR! You can get information on how to open an issue for this project with:
npm ERR!     npm bugs ultrabanc
npm ERR! Or if that isn't available, you can get their info via:
npm ERR! 
npm ERR!     npm owner ls ultrabanc
npm ERR! There is likely additional logging output above.

npm ERR! Please include the following file with any support request:
npm ERR!     /home/rafo/work/git/binary-option/frontend/npm-debug.log
Permission denied (publickey).
fatal: Could not read from remote repository.

Please make sure you have the correct access rights
and the repository exists.
gulp.env has been deprecated. Use your own CLI parser instead. We recommend using yargs or minimist.
Permission denied (publickey).
fatal: Could not read from remote repository.

Please make sure you have the correct access rights
and the repository exists.
gulp.env has been deprecated. Use your own CLI parser instead. We recommend using yargs or minimist.
events.js:141
      throw er; // Unhandled 'error' event
      ^

Error: ENOENT: no such file or directory, lstat '/home/rafo/work/git/binary-option/frontend/public/pc/js/i18n/lang_src_en.js'
    at Error (native)

npm ERR! Linux 4.4.0-45-generic
npm ERR! argv "/usr/local/bin/node" "/usr/local/bin/npm" "run" "pc_release"
npm ERR! node v4.6.0
npm ERR! npm  v2.15.9
npm ERR! code ELIFECYCLE
npm ERR! ultrabanc@1.0.1 pc_release: `gulp release`
npm ERR! Exit status 1
npm ERR! 
npm ERR! Failed at the ultrabanc@1.0.1 pc_release script 'gulp release'.
npm ERR! This is most likely a problem with the ultrabanc package,
npm ERR! not with npm itself.
npm ERR! Tell the author that this fails on your system:
npm ERR!     gulp release
npm ERR! You can get information on how to open an issue for this project with:
npm ERR!     npm bugs ultrabanc
npm ERR! Or if that isn't available, you can get their info via:
npm ERR! 
npm ERR!     npm owner ls ultrabanc
npm ERR! There is likely additional logging output above.

npm ERR! Please include the following file with any support request:
npm ERR!     /home/rafo/work/git/binary-option/frontend/npm-debug.log
Permission denied (publickey).
fatal: Could not read from remote repository.

Please make sure you have the correct access rights
and the repository exists.
gulp.env has been deprecated. Use your own CLI parser instead. We recommend using yargs or minimist.
events.js:141
      throw er; // Unhandled 'error' event
      ^

Error: ENOENT: no such file or directory, lstat '/home/rafo/work/git/binary-option/frontend/public/pc/js/libs/stackblur.min.js'
    at Error (native)

npm ERR! Linux 4.4.0-45-generic
npm ERR! argv "/usr/local/bin/node" "/usr/local/bin/npm" "run" "pc_release"
npm ERR! node v4.6.0
npm ERR! npm  v2.15.9
npm ERR! code ELIFECYCLE
npm ERR! ultrabanc@1.0.1 pc_release: `gulp release`
npm ERR! Exit status 1
npm ERR! 
npm ERR! Failed at the ultrabanc@1.0.1 pc_release script 'gulp release'.
npm ERR! This is most likely a problem with the ultrabanc package,
npm ERR! not with npm itself.
npm ERR! Tell the author that this fails on your system:
npm ERR!     gulp release
npm ERR! You can get information on how to open an issue for this project with:
npm ERR!     npm bugs ultrabanc
npm ERR! Or if that isn't available, you can get their info via:
npm ERR! 
npm ERR!     npm owner ls ultrabanc
npm ERR! There is likely additional logging output above.

npm ERR! Please include the following file with any support request:
npm ERR!     /home/rafo/work/git/binary-option/frontend/npm-debug.log
Permission denied (publickey).
fatal: Could not read from remote repository.

Please make sure you have the correct access rights
and the repository exists.
gulp.env has been deprecated. Use your own CLI parser instead. We recommend using yargs or minimist.
Permission denied (publickey).
fatal: Could not read from remote repository.

Please make sure you have the correct access rights
and the repository exists.
gulp.env has been deprecated. Use your own CLI parser instead. We recommend using yargs or minimist.
events.js:141
      throw er; // Unhandled 'error' event
      ^

Error: ENOENT: no such file or directory, lstat '/home/rafo/work/git/binary-option/frontend/public/pc/js/i18n/lang_src_pl.js'
    at Error (native)

npm ERR! Linux 4.4.0-45-generic
npm ERR! argv "/usr/local/bin/node" "/usr/local/bin/npm" "run" "pc_release"
npm ERR! node v4.6.0
npm ERR! npm  v2.15.9
npm ERR! code ELIFECYCLE
npm ERR! ultrabanc@1.0.1 pc_release: `gulp release`
npm ERR! Exit status 1
npm ERR! 
npm ERR! Failed at the ultrabanc@1.0.1 pc_release script 'gulp release'.
npm ERR! This is most likely a problem with the ultrabanc package,
npm ERR! not with npm itself.
npm ERR! Tell the author that this fails on your system:
npm ERR!     gulp release
npm ERR! You can get information on how to open an issue for this project with:
npm ERR!     npm bugs ultrabanc
npm ERR! Or if that isn't available, you can get their info via:
npm ERR! 
npm ERR!     npm owner ls ultrabanc
npm ERR! There is likely additional logging output above.

npm ERR! Please include the following file with any support request:
npm ERR!     /home/rafo/work/git/binary-option/frontend/npm-debug.log
Permission denied (publickey).
fatal: Could not read from remote repository.

Please make sure you have the correct access rights
and the repository exists.
gulp.env has been deprecated. Use your own CLI parser instead. We recommend using yargs or minimist.
Permission denied (publickey).
fatal: Could not read from remote repository.

Please make sure you have the correct access rights
and the repository exists.
gulp.env has been deprecated. Use your own CLI parser instead. We recommend using yargs or minimist.
events.js:141
      throw er; // Unhandled 'error' event
      ^

Error: ENOENT: no such file or directory, lstat '/home/rafo/work/git/binary-option/frontend/public/pc/js/i18n/lang_src_pt.js'
    at Error (native)

npm ERR! Linux 4.4.0-45-generic
npm ERR! argv "/usr/local/bin/node" "/usr/local/bin/npm" "run" "pc_release"
npm ERR! node v4.6.0
npm ERR! npm  v2.15.9
npm ERR! code ELIFECYCLE
npm ERR! ultrabanc@1.0.1 pc_release: `gulp release`
npm ERR! Exit status 1
npm ERR! 
npm ERR! Failed at the ultrabanc@1.0.1 pc_release script 'gulp release'.
npm ERR! This is most likely a problem with the ultrabanc package,
npm ERR! not with npm itself.
npm ERR! Tell the author that this fails on your system:
npm ERR!     gulp release
npm ERR! You can get information on how to open an issue for this project with:
npm ERR!     npm bugs ultrabanc
npm ERR! Or if that isn't available, you can get their info via:
npm ERR! 
npm ERR!     npm owner ls ultrabanc
npm ERR! There is likely additional logging output above.

npm ERR! Please include the following file with any support request:
npm ERR!     /home/rafo/work/git/binary-option/frontend/npm-debug.log
Permission denied (publickey).
fatal: Could not read from remote repository.

Please make sure you have the correct access rights
and the repository exists.
gulp.env has been deprecated. Use your own CLI parser instead. We recommend using yargs or minimist.
ssh: Could not resolve hostname github.com: Temporary failure in name resolution
fatal: Could not read from remote repository.

Please make sure you have the correct access rights
and the repository exists.
gulp.env has been deprecated. Use your own CLI parser instead. We recommend using yargs or minimist.
events.js:141
      throw er; // Unhandled 'error' event
      ^

Error: ENOENT: no such file or directory, lstat '/home/rafo/work/git/binary-option/frontend/public/pc/js/i18n/lang_src_pt.js'
    at Error (native)

npm ERR! Linux 4.4.0-45-generic
npm ERR! argv "/usr/local/bin/node" "/usr/local/bin/npm" "run" "pc_release"
npm ERR! node v4.6.0
npm ERR! npm  v2.15.9
npm ERR! code ELIFECYCLE
npm ERR! ultrabanc@1.0.1 pc_release: `gulp release`
npm ERR! Exit status 1
npm ERR! 
npm ERR! Failed at the ultrabanc@1.0.1 pc_release script 'gulp release'.
npm ERR! This is most likely a problem with the ultrabanc package,
npm ERR! not with npm itself.
npm ERR! Tell the author that this fails on your system:
npm ERR!     gulp release
npm ERR! You can get information on how to open an issue for this project with:
npm ERR!     npm bugs ultrabanc
npm ERR! Or if that isn't available, you can get their info via:
npm ERR! 
npm ERR!     npm owner ls ultrabanc
npm ERR! There is likely additional logging output above.

npm ERR! Please include the following file with any support request:
npm ERR!     /home/rafo/work/git/binary-option/frontend/npm-debug.log
ssh: Could not resolve hostname github.com: Temporary failure in name resolution
fatal: Could not read from remote repository.

Please make sure you have the correct access rights
and the repository exists.
gulp.env has been deprecated. Use your own CLI parser instead. We recommend using yargs or minimist.
Permission denied (publickey).
fatal: Could not read from remote repository.

Please make sure you have the correct access rights
and the repository exists.
gulp.env has been deprecated. Use your own CLI parser instead. We recommend using yargs or minimist.
Permission denied (publickey).
fatal: Could not read from remote repository.

Please make sure you have the correct access rights
and the repository exists.
gulp.env has been deprecated. Use your own CLI parser instead. We recommend using yargs or minimist.
events.js:141
      throw er; // Unhandled 'error' event
      ^

Error: ENOENT: no such file or directory, lstat '/home/rafo/work/git/binary-option/frontend/public/pc/js/i18n/lang_src_pt.js'
    at Error (native)

npm ERR! Linux 4.4.0-45-generic
npm ERR! argv "/usr/local/bin/node" "/usr/local/bin/npm" "run" "pc_release"
npm ERR! node v4.6.0
npm ERR! npm  v2.15.9
npm ERR! code ELIFECYCLE
npm ERR! ultrabanc@1.0.1 pc_release: `gulp release`
npm ERR! Exit status 1
npm ERR! 
npm ERR! Failed at the ultrabanc@1.0.1 pc_release script 'gulp release'.
npm ERR! This is most likely a problem with the ultrabanc package,
npm ERR! not with npm itself.
npm ERR! Tell the author that this fails on your system:
npm ERR!     gulp release
npm ERR! You can get information on how to open an issue for this project with:
npm ERR!     npm bugs ultrabanc
npm ERR! Or if that isn't available, you can get their info via:
npm ERR! 
npm ERR!     npm owner ls ultrabanc
npm ERR! There is likely additional logging output above.

npm ERR! Please include the following file with any support request:
npm ERR!     /home/rafo/work/git/binary-option/frontend/npm-debug.log
Permission denied (publickey).
fatal: Could not read from remote repository.

Please make sure you have the correct access rights
and the repository exists.
gulp.env has been deprecated. Use your own CLI parser instead. We recommend using yargs or minimist.
events.js:141
      throw er; // Unhandled 'error' event
      ^

Error: ENOENT: no such file or directory, lstat '/home/rafo/work/git/binary-option/frontend/public/pc/js/libs/stackblur.min.js'
    at Error (native)

npm ERR! Linux 4.4.0-45-generic
npm ERR! argv "/usr/local/bin/node" "/usr/local/bin/npm" "run" "pc_release"
npm ERR! node v4.6.0
npm ERR! npm  v2.15.9
npm ERR! code ELIFECYCLE
npm ERR! ultrabanc@1.0.1 pc_release: `gulp release`
npm ERR! Exit status 1
npm ERR! 
npm ERR! Failed at the ultrabanc@1.0.1 pc_release script 'gulp release'.
npm ERR! This is most likely a problem with the ultrabanc package,
npm ERR! not with npm itself.
npm ERR! Tell the author that this fails on your system:
npm ERR!     gulp release
npm ERR! You can get information on how to open an issue for this project with:
npm ERR!     npm bugs ultrabanc
npm ERR! Or if that isn't available, you can get their info via:
npm ERR! 
npm ERR!     npm owner ls ultrabanc
npm ERR! There is likely additional logging output above.

npm ERR! Please include the following file with any support request:
npm ERR!     /home/rafo/work/git/binary-option/frontend/npm-debug.log
Permission denied (publickey).
fatal: Could not read from remote repository.

Please make sure you have the correct access rights
and the repository exists.
gulp.env has been deprecated. Use your own CLI parser instead. We recommend using yargs or minimist.
Permission denied (publickey).
fatal: Could not read from remote repository.

Please make sure you have the correct access rights
and the repository exists.
gulp.env has been deprecated. Use your own CLI parser instead. We recommend using yargs or minimist.
